<?xml version="1.0" encoding="UTF-8"?>
<!-- Generated by org.testng.reporters.JUnitReportReporter -->
<testsuite hostname="DESKTOP-JAG3VIM" failures="0" tests="1" name="project.DemoTestNG" time="20.339" errors="0" timestamp="2023-08-14T12:52:37 EDT" skipped="0">
  <testcase classname="project.DemoTestNG" name="test" time="20.339"/>
</testsuite> <!-- project.DemoTestNG -->
