<?xml version="1.0" encoding="UTF-8"?>
<!-- Generated by org.testng.reporters.JUnitReportReporter -->
<testsuite hostname="DESKTOP-JAG3VIM" failures="0" tests="1" name="project.DemoTestNG" time="17.593" errors="0" timestamp="2023-08-12T12:13:54 EDT" skipped="0">
  <testcase classname="project.DemoTestNG" name="test" time="17.593"/>
</testsuite> <!-- project.DemoTestNG -->
